Content-Type: multipart/alternative;
 boundary="===============2454747399210129235=="
MIME-Version: 1.0
Subject: Profile activation
From: sendEmail@test.com
To: test1@test.com
Date: Fri, 17 May 2024 01:51:13 -0000
Message-ID: <171591067371.9560.1882628551265465432@DESKTOP-H95GR2I>

--===============2454747399210129235==
Content-Type: text/plain; charset="utf-8"
MIME-Version: 1.0
Content-Transfer-Encoding: 7bit

To activate your profile, please follow this link:

http://localhost:8000/accounts/activate/kyg0ZsYcwBLU15qRIiMh/

--===============2454747399210129235==
Content-Type: text/html; charset="utf-8"
MIME-Version: 1.0
Content-Transfer-Encoding: 7bit

<!DOCTYPE html PUBLIC "-//W3C//DTD XHTML 1.0 Transitional//EN"
        "http://www.w3.org/TR/xhtml1/DTD/xhtml1-transitional.dtd">
<html xmlns="http://www.w3.org/1999/xhtml">
<head>
    <meta http-equiv="Content-Type" content="text/html; charset=UTF-8"/>
    <title>Profile activation</title>
    <meta name="viewport" content="width=device-width, initial-scale=1.0"/>
</head>

<body>

<p>
    To activate your profile, please follow this link:
</p>

<p>
    <a href="http://localhost:8000/accounts/activate/kyg0ZsYcwBLU15qRIiMh/">http://localhost:8000/accounts/activate/kyg0ZsYcwBLU15qRIiMh/</a>
</p>

</body>

</html>

--===============2454747399210129235==--

-------------------------------------------------------------------------------
