Content-Type: multipart/alternative;
 boundary="===============0645872504460138828=="
MIME-Version: 1.0
Subject: Profile activation
From: sendEmail@test.com
To: test2@test.com
Date: Thu, 23 May 2024 03:32:07 -0000
Message-ID: <171643512792.19428.5021341948154371818@DESKTOP-H95GR2I>

--===============0645872504460138828==
Content-Type: text/plain; charset="utf-8"
MIME-Version: 1.0
Content-Transfer-Encoding: 7bit

To activate your profile, please follow this link:

http://localhost:8000/accounts/activate/5PcWU5n40jsyQPLbfKBw/

--===============0645872504460138828==
Content-Type: text/html; charset="utf-8"
MIME-Version: 1.0
Content-Transfer-Encoding: 7bit

<!DOCTYPE html PUBLIC "-//W3C//DTD XHTML 1.0 Transitional//EN"
        "http://www.w3.org/TR/xhtml1/DTD/xhtml1-transitional.dtd">
<html xmlns="http://www.w3.org/1999/xhtml">
<head>
    <meta http-equiv="Content-Type" content="text/html; charset=UTF-8"/>
    <title>Profile activation</title>
    <meta name="viewport" content="width=device-width, initial-scale=1.0"/>
</head>

<body>

<p>
    To activate your profile, please follow this link:
</p>

<p>
    <a href="http://localhost:8000/accounts/activate/5PcWU5n40jsyQPLbfKBw/">http://localhost:8000/accounts/activate/5PcWU5n40jsyQPLbfKBw/</a>
</p>

</body>

</html>

--===============0645872504460138828==--

-------------------------------------------------------------------------------
