Content-Type: multipart/alternative;
 boundary="===============6297646296504324099=="
MIME-Version: 1.0
Subject: Profile activation
From: sendEmail@test.com
To: test1@test.com
Date: Fri, 17 May 2024 02:14:48 -0000
Message-ID: <171591208891.12760.6935074534875138273@DESKTOP-H95GR2I>

--===============6297646296504324099==
Content-Type: text/plain; charset="utf-8"
MIME-Version: 1.0
Content-Transfer-Encoding: 7bit

To activate your profile, please follow this link:

http://localhost:8000/accounts/activate/ex9LE2b3EUPnG0EcCJAE/

--===============6297646296504324099==
Content-Type: text/html; charset="utf-8"
MIME-Version: 1.0
Content-Transfer-Encoding: 7bit

<!DOCTYPE html PUBLIC "-//W3C//DTD XHTML 1.0 Transitional//EN"
        "http://www.w3.org/TR/xhtml1/DTD/xhtml1-transitional.dtd">
<html xmlns="http://www.w3.org/1999/xhtml">
<head>
    <meta http-equiv="Content-Type" content="text/html; charset=UTF-8"/>
    <title>Profile activation</title>
    <meta name="viewport" content="width=device-width, initial-scale=1.0"/>
</head>

<body>

<p>
    To activate your profile, please follow this link:
</p>

<p>
    <a href="http://localhost:8000/accounts/activate/ex9LE2b3EUPnG0EcCJAE/">http://localhost:8000/accounts/activate/ex9LE2b3EUPnG0EcCJAE/</a>
</p>

</body>

</html>

--===============6297646296504324099==--

-------------------------------------------------------------------------------
